<?xml version="1.0" encoding="UTF-8"?>
<testng-results ignored="0" total="1" passed="1" failed="0" skipped="0">
  <reporter-output>
  </reporter-output>
  <suite started-at="2024-11-30T13:44:35 GMT" name="Login Test Suite" finished-at="2024-11-30T13:44:45 GMT" duration-ms="10571">
    <groups>
    </groups>
    <test started-at="2024-11-30T13:44:35 GMT" name="Login Tests" finished-at="2024-11-30T13:44:45 GMT" duration-ms="10571">
      <class name="com.test.automation.tests.LoginTest">
        <test-method is-config="true" signature="setup()[pri:0, instance:com.test.automation.tests.LoginTest@29626d54]" started-at="2024-11-30T13:44:35 GMT" name="setup" finished-at="2024-11-30T13:44:43 GMT" duration-ms="8343" status="PASS">
          <reporter-output>
          </reporter-output>
        </test-method> <!-- setup -->
        <test-method signature="testSuccessfulLogin()[pri:0, instance:com.test.automation.tests.LoginTest@29626d54]" started-at="2024-11-30T13:44:43 GMT" name="testSuccessfulLogin" finished-at="2024-11-30T13:44:45 GMT" duration-ms="2048" status="PASS">
          <reporter-output>
          </reporter-output>
        </test-method> <!-- testSuccessfulLogin -->
        <test-method is-config="true" signature="tearDown()[pri:0, instance:com.test.automation.tests.LoginTest@29626d54]" started-at="2024-11-30T13:44:45 GMT" name="tearDown" finished-at="2024-11-30T13:44:45 GMT" duration-ms="152" status="PASS">
          <reporter-output>
          </reporter-output>
        </test-method> <!-- tearDown -->
      </class> <!-- com.test.automation.tests.LoginTest -->
    </test> <!-- Login Tests -->
  </suite> <!-- Login Test Suite -->
</testng-results>
