<?xml version="1.0" encoding="UTF-8"?>
<testng-results ignored="0" total="3" passed="3" failed="0" skipped="0">
  <reporter-output>
  </reporter-output>
  <suite started-at="2024-11-30T14:22:22 GMT" name="Login Test Suite" finished-at="2024-11-30T14:22:40 GMT" duration-ms="17363">
    <groups>
    </groups>
    <test started-at="2024-11-30T14:22:22 GMT" name="Login Tests" finished-at="2024-11-30T14:22:40 GMT" duration-ms="17363">
      <class name="com.test.automation.tests.LoginTest">
        <test-method is-config="true" signature="setup()[pri:0, instance:com.test.automation.tests.LoginTest@34b7ac2f]" started-at="2024-11-30T14:22:22 GMT" name="setup" finished-at="2024-11-30T14:22:26 GMT" duration-ms="3099" status="PASS">
          <reporter-output>
          </reporter-output>
        </test-method> <!-- setup -->
        <test-method signature="testInvalidLogin()[pri:0, instance:com.test.automation.tests.LoginTest@34b7ac2f]" started-at="2024-11-30T14:22:26 GMT" name="testInvalidLogin" finished-at="2024-11-30T14:22:27 GMT" duration-ms="1801" status="PASS">
          <reporter-output>
          </reporter-output>
        </test-method> <!-- testInvalidLogin -->
        <test-method is-config="true" signature="tearDown()[pri:0, instance:com.test.automation.tests.LoginTest@34b7ac2f]" started-at="2024-11-30T14:22:27 GMT" name="tearDown" finished-at="2024-11-30T14:22:28 GMT" duration-ms="150" status="PASS">
          <reporter-output>
          </reporter-output>
        </test-method> <!-- tearDown -->
        <test-method is-config="true" signature="setup()[pri:0, instance:com.test.automation.tests.LoginTest@34b7ac2f]" started-at="2024-11-30T14:22:28 GMT" name="setup" finished-at="2024-11-30T14:22:32 GMT" duration-ms="4983" status="PASS">
          <reporter-output>
          </reporter-output>
        </test-method> <!-- setup -->
        <test-method signature="testSuccessfulLogin()[pri:0, instance:com.test.automation.tests.LoginTest@34b7ac2f]" started-at="2024-11-30T14:22:32 GMT" name="testSuccessfulLogin" finished-at="2024-11-30T14:22:35 GMT" duration-ms="2563" status="PASS">
          <reporter-output>
          </reporter-output>
        </test-method> <!-- testSuccessfulLogin -->
        <test-method is-config="true" signature="tearDown()[pri:0, instance:com.test.automation.tests.LoginTest@34b7ac2f]" started-at="2024-11-30T14:22:35 GMT" name="tearDown" finished-at="2024-11-30T14:22:35 GMT" duration-ms="137" status="PASS">
          <reporter-output>
          </reporter-output>
        </test-method> <!-- tearDown -->
      </class> <!-- com.test.automation.tests.LoginTest -->
      <class name="com.test.automation.tests.PasswordRecoveryTest">
        <test-method is-config="true" signature="setup()[pri:0, instance:com.test.automation.tests.PasswordRecoveryTest@481a996b]" started-at="2024-11-30T14:22:35 GMT" name="setup" finished-at="2024-11-30T14:22:37 GMT" duration-ms="2043" status="PASS">
          <reporter-output>
          </reporter-output>
        </test-method> <!-- setup -->
        <test-method signature="testNavigateToPasswordRecovery()[pri:0, instance:com.test.automation.tests.PasswordRecoveryTest@481a996b]" started-at="2024-11-30T14:22:37 GMT" name="testNavigateToPasswordRecovery" finished-at="2024-11-30T14:22:40 GMT" duration-ms="2452" status="PASS">
          <reporter-output>
          </reporter-output>
        </test-method> <!-- testNavigateToPasswordRecovery -->
        <test-method is-config="true" signature="tearDown()[pri:0, instance:com.test.automation.tests.PasswordRecoveryTest@481a996b]" started-at="2024-11-30T14:22:40 GMT" name="tearDown" finished-at="2024-11-30T14:22:40 GMT" duration-ms="116" status="PASS">
          <reporter-output>
          </reporter-output>
        </test-method> <!-- tearDown -->
      </class> <!-- com.test.automation.tests.PasswordRecoveryTest -->
    </test> <!-- Login Tests -->
  </suite> <!-- Login Test Suite -->
</testng-results>
