<?xml version="1.0" encoding="UTF-8"?>
<!-- Generated by org.testng.reporters.JUnitXMLReporter -->
<testsuite ignored="0" hostname="LAPTOP-0E6KFDF3" failures="0" tests="3" name="Login Tests" time="17.363" errors="0" timestamp="2024-11-30T14:22:40 GMT">
  <testcase classname="com.test.automation.tests.LoginTest" name="testInvalidLogin" time="1.801"/>
  <testcase classname="com.test.automation.tests.LoginTest" name="testSuccessfulLogin" time="2.563"/>
  <testcase classname="com.test.automation.tests.PasswordRecoveryTest" name="testNavigateToPasswordRecovery" time="2.452"/>
</testsuite> <!-- Login Tests -->
